100.10.03 12:48 A C:\dl\more\images\herbie\college.gif --> www.bakiwop.com /more/images/herbie college.gif
100.10.03 12:48 A C:\dl\more\images\herbie\fishing.gif --> www.bakiwop.com /more/images/herbie fishing.gif
100.10.03 12:48 A C:\dl\more\images\herbie\groove.gif --> www.bakiwop.com /more/images/herbie groove.gif
100.10.03 12:48 A C:\dl\more\images\herbie\karate.gif --> www.bakiwop.com /more/images/herbie karate.gif
100.10.03 12:48 A C:\dl\more\images\herbie\olympics.gif --> www.bakiwop.com /more/images/herbie olympics.gif
100.10.03 12:48 A C:\dl\more\images\herbie\restrooms.gif --> www.bakiwop.com /more/images/herbie restrooms.gif
100.10.03 12:48 A C:\dl\more\images\herbie\startrek.gif --> www.bakiwop.com /more/images/herbie startrek.gif
100.10.03 14:55 A C:\dl\more\images\herbie\college.gif --> www.bakiwop.com /more/images/herbie college.gif
100.10.03 14:55 A C:\dl\more\images\herbie\fishing.gif --> www.bakiwop.com /more/images/herbie fishing.gif
100.10.03 14:55 A C:\dl\more\images\herbie\groove.gif --> www.bakiwop.com /more/images/herbie groove.gif
100.10.03 14:55 A C:\dl\more\images\herbie\karate.gif --> www.bakiwop.com /more/images/herbie karate.gif
100.10.03 14:55 A C:\dl\more\images\herbie\olympics.gif --> www.bakiwop.com /more/images/herbie olympics.gif
100.10.03 14:55 A C:\dl\more\images\herbie\restrooms.gif --> www.bakiwop.com /more/images/herbie restrooms.gif
100.10.03 14:55 A C:\dl\more\images\herbie\startrek.gif --> www.bakiwop.com /more/images/herbie startrek.gif
100.10.03 14:55 A C:\dl\more\images\herbie\WS_FTP.LOG --> www.bakiwop.com /more/images/herbie WS_FTP.LOG
100.10.04 11:49 A C:\dl\more\images\herbie\college.gif --> www.bakiwop.com /more/images/herbie college.gif
100.10.04 11:49 A C:\dl\more\images\herbie\fishing.gif --> www.bakiwop.com /more/images/herbie fishing.gif
100.10.04 11:49 A C:\dl\more\images\herbie\groove.gif --> www.bakiwop.com /more/images/herbie groove.gif
100.10.04 11:49 A C:\dl\more\images\herbie\karate.gif --> www.bakiwop.com /more/images/herbie karate.gif
100.10.04 11:49 A C:\dl\more\images\herbie\olympics.gif --> www.bakiwop.com /more/images/herbie olympics.gif
100.10.04 11:49 A C:\dl\more\images\herbie\restrooms.gif --> www.bakiwop.com /more/images/herbie restrooms.gif
100.10.04 11:49 A C:\dl\more\images\herbie\startrek.gif --> www.bakiwop.com /more/images/herbie startrek.gif
100.10.04 11:49 A C:\dl\more\images\herbie\WS_FTP.LOG --> www.bakiwop.com /more/images/herbie WS_FTP.LOG
100.10.04 13:31 A C:\dl\more\images\herbie\college.gif --> www.bakiwop.com /more/images/herbie college.gif
100.10.04 13:31 A C:\dl\more\images\herbie\fishing.gif --> www.bakiwop.com /more/images/herbie fishing.gif
100.10.04 13:31 A C:\dl\more\images\herbie\groove.gif --> www.bakiwop.com /more/images/herbie groove.gif
100.10.04 13:31 A C:\dl\more\images\herbie\karate.gif --> www.bakiwop.com /more/images/herbie karate.gif
100.10.04 13:31 A C:\dl\more\images\herbie\olympics.gif --> www.bakiwop.com /more/images/herbie olympics.gif
100.10.04 13:31 A C:\dl\more\images\herbie\restrooms.gif --> www.bakiwop.com /more/images/herbie restrooms.gif
100.10.04 13:31 A C:\dl\more\images\herbie\startrek.gif --> www.bakiwop.com /more/images/herbie startrek.gif
