100.10.03 12:48 A C:\dl\more\images\1.gif --> www.bakiwop.com /more/images 1.gif
100.10.03 12:48 A C:\dl\more\images\2.gif --> www.bakiwop.com /more/images 2.gif
100.10.03 12:48 A C:\dl\more\images\3.gif --> www.bakiwop.com /more/images 3.gif
100.10.03 12:48 A C:\dl\more\images\down.gif --> www.bakiwop.com /more/images down.gif
100.10.03 12:48 A C:\dl\more\images\herbie.gif --> www.bakiwop.com /more/images herbie.gif
100.10.03 12:48 A C:\dl\more\images\middle.gif --> www.bakiwop.com /more/images middle.gif
100.10.03 12:48 A C:\dl\more\images\more.gif --> www.bakiwop.com /more/images more.gif
100.10.03 12:48 A C:\dl\more\images\now.gif --> www.bakiwop.com /more/images now.gif
100.10.03 12:48 A C:\dl\more\images\smiley.jpg --> www.bakiwop.com /more/images smiley.jpg
100.10.03 12:48 A C:\dl\more\images\spacer.gif --> www.bakiwop.com /more/images spacer.gif
100.10.03 12:48 A C:\dl\more\images\sponsor.gif --> www.bakiwop.com /more/images sponsor.gif
100.10.03 12:48 A C:\dl\more\images\try.gif --> www.bakiwop.com /more/images try.gif
100.10.03 12:48 A C:\dl\more\images\up.gif --> www.bakiwop.com /more/images up.gif
100.10.03 14:55 A C:\dl\more\images\1.gif --> www.bakiwop.com /more/images 1.gif
100.10.03 14:55 A C:\dl\more\images\2.gif --> www.bakiwop.com /more/images 2.gif
100.10.03 14:55 A C:\dl\more\images\3.gif --> www.bakiwop.com /more/images 3.gif
100.10.03 14:55 A C:\dl\more\images\down.gif --> www.bakiwop.com /more/images down.gif
100.10.03 14:55 A C:\dl\more\images\h1.gif --> www.bakiwop.com /more/images h1.gif
100.10.03 14:55 A C:\dl\more\images\h2.gif --> www.bakiwop.com /more/images h2.gif
100.10.03 14:55 A C:\dl\more\images\h3.gif --> www.bakiwop.com /more/images h3.gif
100.10.03 14:55 A C:\dl\more\images\h4.gif --> www.bakiwop.com /more/images h4.gif
100.10.03 14:55 A C:\dl\more\images\h5.gif --> www.bakiwop.com /more/images h5.gif
100.10.03 14:55 A C:\dl\more\images\herbie.gif --> www.bakiwop.com /more/images herbie.gif
100.10.03 14:55 A C:\dl\more\images\herbie1.gif --> www.bakiwop.com /more/images herbie1.gif
100.10.03 14:55 A C:\dl\more\images\hotei.jpg --> www.bakiwop.com /more/images hotei.jpg
100.10.03 14:55 A C:\dl\more\images\middle.gif --> www.bakiwop.com /more/images middle.gif
100.10.03 14:55 A C:\dl\more\images\more.gif --> www.bakiwop.com /more/images more.gif
100.10.03 14:55 A C:\dl\more\images\now.gif --> www.bakiwop.com /more/images now.gif
100.10.03 14:55 A C:\dl\more\images\puzzle.gif --> www.bakiwop.com /more/images puzzle.gif
100.10.03 14:55 A C:\dl\more\images\smiley.jpg --> www.bakiwop.com /more/images smiley.jpg
100.10.03 14:56 A C:\dl\more\images\smiley1.gif --> www.bakiwop.com /more/images smiley1.gif
100.10.03 14:56 A C:\dl\more\images\spacer.gif --> www.bakiwop.com /more/images spacer.gif
100.10.03 14:56 A C:\dl\more\images\sponsor.gif --> www.bakiwop.com /more/images sponsor.gif
100.10.03 14:56 A C:\dl\more\images\try.gif --> www.bakiwop.com /more/images try.gif
100.10.03 14:56 A C:\dl\more\images\up.gif --> www.bakiwop.com /more/images up.gif
100.10.03 14:56 A C:\dl\more\images\WS_FTP.LOG --> www.bakiwop.com /more/images WS_FTP.LOG
100.10.04 08:35 A C:\dl\more\images\beginning.gif --> www.bakiwop.com /more/images beginning.gif
100.10.04 08:35 A C:\dl\more\images\hoopyhappy.gif --> www.bakiwop.com /more/images hoopyhappy.gif
100.10.04 08:39 A C:\dl\more\images\lizard.jpg --> www.bakiwop.com /more/images lizard.jpg
100.10.04 11:49 A C:\dl\more\images\1.gif --> www.bakiwop.com /more/images 1.gif
100.10.04 11:49 A C:\dl\more\images\2.gif --> www.bakiwop.com /more/images 2.gif
100.10.04 11:49 A C:\dl\more\images\3.gif --> www.bakiwop.com /more/images 3.gif
100.10.04 11:49 A C:\dl\more\images\ad.gif --> www.bakiwop.com /more/images ad.gif
100.10.04 11:49 A C:\dl\more\images\beginning.gif --> www.bakiwop.com /more/images beginning.gif
100.10.04 11:49 A C:\dl\more\images\down.gif --> www.bakiwop.com /more/images down.gif
100.10.04 11:49 A C:\dl\more\images\grandmaster.gif --> www.bakiwop.com /more/images grandmaster.gif
100.10.04 11:49 A C:\dl\more\images\grandmastersays.gif --> www.bakiwop.com /more/images grandmastersays.gif
100.10.04 11:49 A C:\dl\more\images\h1.gif --> www.bakiwop.com /more/images h1.gif
100.10.04 11:49 A C:\dl\more\images\h2.gif --> www.bakiwop.com /more/images h2.gif
100.10.04 11:49 A C:\dl\more\images\h3.gif --> www.bakiwop.com /more/images h3.gif
100.10.04 11:49 A C:\dl\more\images\h4.gif --> www.bakiwop.com /more/images h4.gif
100.10.04 11:49 A C:\dl\more\images\h5.gif --> www.bakiwop.com /more/images h5.gif
100.10.04 11:49 A C:\dl\more\images\herbie.gif --> www.bakiwop.com /more/images herbie.gif
100.10.04 11:49 A C:\dl\more\images\herbie1.gif --> www.bakiwop.com /more/images herbie1.gif
100.10.04 11:49 A C:\dl\more\images\hoopyhappy.gif --> www.bakiwop.com /more/images hoopyhappy.gif
100.10.04 11:49 A C:\dl\more\images\hotei.jpg --> www.bakiwop.com /more/images hotei.jpg
100.10.04 11:49 A C:\dl\more\images\lizard.jpg --> www.bakiwop.com /more/images lizard.jpg
100.10.04 11:49 A C:\dl\more\images\lizard2.jpg --> www.bakiwop.com /more/images lizard2.jpg
100.10.04 11:49 A C:\dl\more\images\middle.gif --> www.bakiwop.com /more/images middle.gif
100.10.04 11:49 A C:\dl\more\images\more.gif --> www.bakiwop.com /more/images more.gif
100.10.04 11:49 A C:\dl\more\images\now.gif --> www.bakiwop.com /more/images now.gif
100.10.04 11:49 A C:\dl\more\images\prophecy.gif --> www.bakiwop.com /more/images prophecy.gif
100.10.04 11:50 A C:\dl\more\images\puzzle.gif --> www.bakiwop.com /more/images puzzle.gif
100.10.04 11:50 A C:\dl\more\images\smiley.jpg --> www.bakiwop.com /more/images smiley.jpg
100.10.04 11:50 A C:\dl\more\images\smiley1.gif --> www.bakiwop.com /more/images smiley1.gif
100.10.04 11:50 A C:\dl\more\images\spacer.gif --> www.bakiwop.com /more/images spacer.gif
100.10.04 11:50 A C:\dl\more\images\sponsor.gif --> www.bakiwop.com /more/images sponsor.gif
100.10.04 11:50 A C:\dl\more\images\try.gif --> www.bakiwop.com /more/images try.gif
100.10.04 11:50 A C:\dl\more\images\up.gif --> www.bakiwop.com /more/images up.gif
100.10.04 11:50 A C:\dl\more\images\WS_FTP.LOG --> www.bakiwop.com /more/images WS_FTP.LOG
100.10.04 13:31 A C:\dl\more\images\1.gif --> www.bakiwop.com /more/images 1.gif
100.10.04 13:31 A C:\dl\more\images\2.gif --> www.bakiwop.com /more/images 2.gif
100.10.04 13:31 A C:\dl\more\images\3.gif --> www.bakiwop.com /more/images 3.gif
100.10.04 13:31 A C:\dl\more\images\ad.gif --> www.bakiwop.com /more/images ad.gif
100.10.04 13:31 A C:\dl\more\images\beginning.gif --> www.bakiwop.com /more/images beginning.gif
100.10.04 13:31 A C:\dl\more\images\cutout_big.gif --> www.bakiwop.com /more/images cutout_big.gif
100.10.04 13:31 A C:\dl\more\images\cutout_small.gif --> www.bakiwop.com /more/images cutout_small.gif
100.10.04 13:31 A C:\dl\more\images\down.gif --> www.bakiwop.com /more/images down.gif
100.10.04 13:31 A C:\dl\more\images\grandmaster.gif --> www.bakiwop.com /more/images grandmaster.gif
100.10.04 13:31 A C:\dl\more\images\grandmastersays.gif --> www.bakiwop.com /more/images grandmastersays.gif
100.10.04 13:31 A C:\dl\more\images\h1.gif --> www.bakiwop.com /more/images h1.gif
100.10.04 13:31 A C:\dl\more\images\h2.gif --> www.bakiwop.com /more/images h2.gif
100.10.04 13:31 A C:\dl\more\images\h3.gif --> www.bakiwop.com /more/images h3.gif
100.10.04 13:31 A C:\dl\more\images\h4.gif --> www.bakiwop.com /more/images h4.gif
100.10.04 13:31 A C:\dl\more\images\h5.gif --> www.bakiwop.com /more/images h5.gif
100.10.04 13:31 A C:\dl\more\images\herbie.gif --> www.bakiwop.com /more/images herbie.gif
100.10.04 13:31 A C:\dl\more\images\herbie1.gif --> www.bakiwop.com /more/images herbie1.gif
100.10.04 13:31 A C:\dl\more\images\herbiehappy.gif --> www.bakiwop.com /more/images herbiehappy.gif
100.10.04 13:31 A C:\dl\more\images\hoopyhappy.gif --> www.bakiwop.com /more/images hoopyhappy.gif
100.10.04 13:31 A C:\dl\more\images\hotei.jpg --> www.bakiwop.com /more/images hotei.jpg
100.10.04 13:31 A C:\dl\more\images\lizard.jpg --> www.bakiwop.com /more/images lizard.jpg
100.10.04 13:31 A C:\dl\more\images\lizard2.jpg --> www.bakiwop.com /more/images lizard2.jpg
100.10.04 13:31 A C:\dl\more\images\middle.gif --> www.bakiwop.com /more/images middle.gif
100.10.04 13:32 A C:\dl\more\images\more.gif --> www.bakiwop.com /more/images more.gif
100.10.04 13:32 A C:\dl\more\images\now.gif --> www.bakiwop.com /more/images now.gif
100.10.04 13:32 A C:\dl\more\images\previewgoodness.gif --> www.bakiwop.com /more/images previewgoodness.gif
100.10.04 13:32 A C:\dl\more\images\previewhappiness.gif --> www.bakiwop.com /more/images previewhappiness.gif
100.10.04 13:32 A C:\dl\more\images\prophecy.gif --> www.bakiwop.com /more/images prophecy.gif
100.10.04 13:32 A C:\dl\more\images\puzzle.gif --> www.bakiwop.com /more/images puzzle.gif
100.10.04 13:32 A C:\dl\more\images\smiley.jpg --> www.bakiwop.com /more/images smiley.jpg
100.10.04 13:32 A C:\dl\more\images\smiley1.gif --> www.bakiwop.com /more/images smiley1.gif
100.10.04 13:32 A C:\dl\more\images\spacer.gif --> www.bakiwop.com /more/images spacer.gif
100.10.04 13:32 A C:\dl\more\images\sponsor.gif --> www.bakiwop.com /more/images sponsor.gif
100.10.04 13:32 A C:\dl\more\images\try.gif --> www.bakiwop.com /more/images try.gif
100.10.04 13:32 A C:\dl\more\images\up.gif --> www.bakiwop.com /more/images up.gif
